[debug] [2022-05-06T04:56:38.447Z] ----------------------------------------------------------------------
[debug] [2022-05-06T04:56:38.448Z] Command:       C:\Program Files\nodejs\node.exe C:\Users\kevar\AppData\Roaming\npm\node_modules\firebase-tools\lib\bin\firebase.js init
[debug] [2022-05-06T04:56:38.449Z] CLI Version:   10.8.0
[debug] [2022-05-06T04:56:38.449Z] Platform:      win32
[debug] [2022-05-06T04:56:38.449Z] Node Version:  v14.16.1
[debug] [2022-05-06T04:56:38.449Z] Time:          Thu May 05 2022 23:56:38 GMT-0500 (Central Daylight Time)
[debug] [2022-05-06T04:56:38.449Z] ----------------------------------------------------------------------
[debug] 
[debug] [2022-05-06T04:56:38.497Z] > command requires scopes: ["email","openid","https://www.googleapis.com/auth/cloudplatformprojects.readonly","https://www.googleapis.com/auth/firebase","https://www.googleapis.com/auth/cloud-platform"]
[debug] [2022-05-06T04:56:38.497Z] > authorizing via signed-in user (swayhsieh@gmail.com)
[info] 
     ######## #### ########  ######## ########     ###     ######  ########
     ##        ##  ##     ## ##       ##     ##  ##   ##  ##       ##
     ######    ##  ########  ######   ########  #########  ######  ######
     ##        ##  ##    ##  ##       ##     ## ##     ##       ## ##
     ##       #### ##     ## ######## ########  ##     ##  ######  ########

You're about to initialize a Firebase project in this directory:

  C:\Projects\bobatea

Before we get started, keep in mind:

  * You are currently outside your home directory
  * You are initializing within an existing Firebase project directory

[info] 
=== Project Setup
[info] 
[info] First, let's associate this project directory with a Firebase project.
[info] You can create multiple project aliases by running firebase use --add, 
[info] but for now we'll just set up a default project.
[info] 
[debug] [2022-05-06T04:56:41.496Z] Using project from CLI flag: boba-92ab3
[debug] [2022-05-06T04:56:41.497Z] >>> [apiv2][query] GET https://firebase.googleapis.com/v1beta1/projects/boba-92ab3 [none]
[debug] [2022-05-06T04:56:41.814Z] <<< [apiv2][status] GET https://firebase.googleapis.com/v1beta1/projects/boba-92ab3 200
[debug] [2022-05-06T04:56:41.814Z] <<< [apiv2][body] GET https://firebase.googleapis.com/v1beta1/projects/boba-92ab3 {"projectId":"boba-92ab3","projectNumber":"818137505351","displayName":"Boba","name":"projects/boba-92ab3","resources":{"hostingSite":"boba-92ab3","storageBucket":"boba-92ab3.appspot.com","locationId":"us-central"},"state":"ACTIVE"}
[info] i  Using project boba-92ab3 (Boba) 
[info] 
=== Hosting Setup
[info] 
[info] Your public directory is the folder (relative to your project directory) that
[info] will contain Hosting assets to be uploaded with firebase deploy. If you
[info] have a build process for your assets, use your build's output directory.
[info] 
